
2025-07-11 17:08:33,950 - dms_launcher - INFO - Initializing DMS Launcher...
2025-07-11 17:08:33,954 - dms_launcher - ERROR - Command execution failed: [WinError 2] The system cannot find the file specified
2025-07-11 17:08:34,023 - dms_launcher - INFO - Hardware detection complete: amd
2025-07-11 17:08:34,023 - dms_launcher - INFO - Checking existing installations...
2025-07-11 17:08:34,026 - dms_launcher - INFO - Launcher initialization complete
2025-07-11 17:08:57,164 - dms_launcher - INFO - Initializing DMS Launcher...
2025-07-11 17:08:57,169 - dms_launcher - ERROR - Command execution failed: [WinError 2] The system cannot find the file specified
2025-07-11 17:08:57,222 - dms_launcher - INFO - Hardware detection complete: amd
2025-07-11 17:08:57,223 - dms_launcher - INFO - Checking existing installations...
2025-07-11 17:08:59,642 - dms_launcher - INFO - Launcher initialization complete
2025-07-11 17:09:37,608 - dms_launcher - INFO - Initializing DMS Launcher...
2025-07-11 17:09:37,612 - dms_launcher - ERROR - Command execution failed: [WinError 2] The system cannot find the file specified
2025-07-11 17:09:37,664 - dms_launcher - INFO - Hardware detection complete: amd
2025-07-11 17:09:37,664 - dms_launcher - INFO - Checking existing installations...
2025-07-11 17:09:39,378 - dms_launcher - INFO - Launcher initialization complete
2025-07-11 17:09:51,362 - dms_launcher - INFO - Launching feature: studio
2025-07-11 18:42:43,895 - dms_launcher - INFO - Initializing DMS Launcher...
2025-07-11 18:42:43,898 - dms_launcher - ERROR - Command execution failed: [WinError 2] The system cannot find the file specified
2025-07-11 18:42:43,955 - dms_launcher - INFO - Hardware detection complete: amd
2025-07-11 18:42:43,955 - dms_launcher - INFO - Checking existing installations...
2025-07-11 18:42:43,958 - dms_launcher - INFO - Launcher initialization complete
